<?xml version="1.0" encoding="UTF-8"?>
<!-- Generated by org.testng.reporters.JUnitReportReporter -->
<testsuite hostname="DESKTOP-QMLGG5N" failures="0" tests="1" name="com.tests.com.LoginTest" time="8.564" errors="0" timestamp="2025-03-05T18:11:35 IST" skipped="0">
  <testcase classname="com.tests.com.LoginTest" name="loginToApplication" time="8.564"/>
</testsuite> <!-- com.tests.com.LoginTest -->
